mode: atomic
github.com/tidepool-org/platform/data/summary/summary.go:26.123,31.2 4 6
github.com/tidepool-org/platform/data/summary/summary.go:33.109,36.2 2 12
github.com/tidepool-org/platform/data/summary/summary.go:38.97,42.2 3 8
github.com/tidepool-org/platform/data/summary/summary.go:62.149,67.2 1 6
github.com/tidepool-org/platform/data/summary/summary.go:69.149,74.2 1 6
github.com/tidepool-org/platform/data/summary/summary.go:76.112,78.2 1 4
github.com/tidepool-org/platform/data/summary/summary.go:80.111,82.2 1 4
github.com/tidepool-org/platform/data/summary/summary.go:84.122,86.2 1 0
github.com/tidepool-org/platform/data/summary/summary.go:88.124,90.2 1 0
github.com/tidepool-org/platform/data/summary/summary.go:92.87,96.16 3 0
github.com/tidepool-org/platform/data/summary/summary.go:96.16,98.3 1 0
github.com/tidepool-org/platform/data/summary/summary.go:100.2,101.16 2 0
github.com/tidepool-org/platform/data/summary/summary.go:101.16,103.3 1 0
github.com/tidepool-org/platform/data/summary/summary.go:105.2,106.39 2 0
github.com/tidepool-org/platform/data/summary/summary.go:106.39,108.3 1 0
github.com/tidepool-org/platform/data/summary/summary.go:110.2,111.45 2 0
github.com/tidepool-org/platform/data/summary/summary.go:111.45,112.57 1 0
github.com/tidepool-org/platform/data/summary/summary.go:112.57,114.4 1 0
github.com/tidepool-org/platform/data/summary/summary.go:116.3,116.47 1 0
github.com/tidepool-org/platform/data/summary/summary.go:116.47,117.9 1 0
github.com/tidepool-org/platform/data/summary/summary.go:121.2,122.44 2 0
github.com/tidepool-org/platform/data/summary/summary.go:122.44,127.44 4 0
github.com/tidepool-org/platform/data/summary/summary.go:127.44,129.18 2 0
github.com/tidepool-org/platform/data/summary/summary.go:129.18,131.5 1 0
github.com/tidepool-org/platform/data/summary/summary.go:132.4,132.19 1 0
github.com/tidepool-org/platform/data/summary/summary.go:136.2,136.24 1 0
github.com/tidepool-org/platform/data/summary/summary.go:136.24,138.3 1 0
github.com/tidepool-org/platform/data/summary/summary.go:140.2,140.15 1 0
github.com/tidepool-org/platform/data/summary/summary.go:143.115,146.16 3 4
github.com/tidepool-org/platform/data/summary/summary.go:146.16,148.3 1 0
github.com/tidepool-org/platform/data/summary/summary.go:150.2,153.24 2 4
github.com/tidepool-org/platform/data/summary/summary.go:153.24,155.3 1 2
github.com/tidepool-org/platform/data/summary/summary.go:157.2,157.61 1 4
github.com/tidepool-org/platform/data/summary/summary.go:157.61,160.3 2 0
github.com/tidepool-org/platform/data/summary/summary.go:162.2,164.16 3 4
github.com/tidepool-org/platform/data/summary/summary.go:164.16,166.3 1 0
github.com/tidepool-org/platform/data/summary/summary.go:169.2,169.67 1 4
github.com/tidepool-org/platform/data/summary/summary.go:169.67,173.3 2 0
github.com/tidepool-org/platform/data/summary/summary.go:176.2,176.71 1 4
github.com/tidepool-org/platform/data/summary/summary.go:176.71,180.3 3 2
github.com/tidepool-org/platform/data/summary/summary.go:183.2,183.98 1 2
github.com/tidepool-org/platform/data/summary/summary.go:183.98,185.3 1 0
github.com/tidepool-org/platform/data/summary/summary.go:187.2,189.16 3 2
github.com/tidepool-org/platform/data/summary/summary.go:189.16,191.3 1 0
github.com/tidepool-org/platform/data/summary/summary.go:192.2,195.16 3 2
github.com/tidepool-org/platform/data/summary/summary.go:195.16,197.3 1 0
github.com/tidepool-org/platform/data/summary/summary.go:199.2,203.25 3 2
github.com/tidepool-org/platform/data/summary/summary.go:206.157,210.55 3 4
github.com/tidepool-org/platform/data/summary/summary.go:210.55,213.17 3 2
github.com/tidepool-org/platform/data/summary/summary.go:213.17,215.4 1 0
github.com/tidepool-org/platform/data/summary/summary.go:216.3,216.57 1 2
github.com/tidepool-org/platform/data/summary/summary.go:219.2,219.55 1 4
github.com/tidepool-org/platform/data/summary/summary.go:219.55,222.17 3 2
github.com/tidepool-org/platform/data/summary/summary.go:222.17,224.4 1 0
github.com/tidepool-org/platform/data/summary/summary.go:225.3,225.57 1 2
github.com/tidepool-org/platform/data/summary/summary.go:228.2,228.25 1 4
github.com/tidepool-org/platform/data/summary/summary.go:231.85,237.22 3 7
github.com/tidepool-org/platform/data/summary/summary.go:237.22,239.124 2 5
github.com/tidepool-org/platform/data/summary/summary.go:239.124,241.4 1 2
github.com/tidepool-org/platform/data/summary/summary.go:245.145,249.44 3 0
github.com/tidepool-org/platform/data/summary/summary.go:249.44,251.17 2 0
github.com/tidepool-org/platform/data/summary/summary.go:251.17,253.4 1 0
github.com/tidepool-org/platform/data/summary/summary.go:254.3,254.13 1 0
github.com/tidepool-org/platform/data/summary/summary.go:254.13,256.4 1 0
github.com/tidepool-org/platform/data/summary/types/bgm.go:108.35,110.2 1 17
github.com/tidepool-org/platform/data/summary/types/bgm.go:112.45,114.2 1 0
github.com/tidepool-org/platform/data/summary/types/bgm.go:116.27,121.2 4 17
github.com/tidepool-org/platform/data/summary/types/bgm.go:123.40,125.2 1 0
github.com/tidepool-org/platform/data/summary/types/bgm.go:127.51,129.2 1 0
github.com/tidepool-org/platform/data/summary/types/bgm.go:131.94,132.25 1 3
github.com/tidepool-org/platform/data/summary/types/bgm.go:132.25,134.3 1 0
github.com/tidepool-org/platform/data/summary/types/bgm.go:134.8,134.79 1 3
github.com/tidepool-org/platform/data/summary/types/bgm.go:134.79,136.3 1 2
github.com/tidepool-org/platform/data/summary/types/bgm.go:136.8,136.55 1 1
github.com/tidepool-org/platform/data/summary/types/bgm.go:136.55,140.3 2 1
github.com/tidepool-org/platform/data/summary/types/bgm.go:142.2,144.43 2 0
github.com/tidepool-org/platform/data/summary/types/bgm.go:144.43,146.3 1 0
github.com/tidepool-org/platform/data/summary/types/bgm.go:147.2,149.51 2 0
github.com/tidepool-org/platform/data/summary/types/bgm.go:152.79,156.23 3 15
github.com/tidepool-org/platform/data/summary/types/bgm.go:156.23,157.22 1 18672
github.com/tidepool-org/platform/data/summary/types/bgm.go:157.22,159.4 1 18672
github.com/tidepool-org/platform/data/summary/types/bgm.go:161.3,162.41 2 18672
github.com/tidepool-org/platform/data/summary/types/bgm.go:162.41,164.4 1 0
github.com/tidepool-org/platform/data/summary/types/bgm.go:165.3,168.41 2 18672
github.com/tidepool-org/platform/data/summary/types/bgm.go:168.41,170.18 2 18657
github.com/tidepool-org/platform/data/summary/types/bgm.go:170.18,172.5 1 0
github.com/tidepool-org/platform/data/summary/types/bgm.go:173.4,173.18 1 18657
github.com/tidepool-org/platform/data/summary/types/bgm.go:178.2,178.21 1 15
github.com/tidepool-org/platform/data/summary/types/bgm.go:178.21,180.17 2 15
github.com/tidepool-org/platform/data/summary/types/bgm.go:180.17,182.4 1 0
github.com/tidepool-org/platform/data/summary/types/bgm.go:183.3,183.17 1 15
github.com/tidepool-org/platform/data/summary/types/bgm.go:186.2,188.12 2 15
github.com/tidepool-org/platform/data/summary/types/bgm.go:191.75,193.9 2 23136
github.com/tidepool-org/platform/data/summary/types/bgm.go:193.9,195.3 1 0
github.com/tidepool-org/platform/data/summary/types/bgm.go:197.2,199.43 2 23136
github.com/tidepool-org/platform/data/summary/types/bgm.go:199.43,201.3 1 6838
github.com/tidepool-org/platform/data/summary/types/bgm.go:201.8,201.51 1 16298
github.com/tidepool-org/platform/data/summary/types/bgm.go:201.51,203.3 1 2709
github.com/tidepool-org/platform/data/summary/types/bgm.go:203.8,203.46 1 13589
github.com/tidepool-org/platform/data/summary/types/bgm.go:203.46,205.3 1 2578
github.com/tidepool-org/platform/data/summary/types/bgm.go:205.8,205.47 1 11011
github.com/tidepool-org/platform/data/summary/types/bgm.go:205.47,207.3 1 1626
github.com/tidepool-org/platform/data/summary/types/bgm.go:207.8,209.3 1 9385
github.com/tidepool-org/platform/data/summary/types/bgm.go:211.2,214.19 3 23136
github.com/tidepool-org/platform/data/summary/types/bgm.go:217.39,225.38 5 16
github.com/tidepool-org/platform/data/summary/types/bgm.go:225.38,229.38 2 9897
github.com/tidepool-org/platform/data/summary/types/bgm.go:229.38,230.41 1 7286
github.com/tidepool-org/platform/data/summary/types/bgm.go:230.41,233.5 2 37
github.com/tidepool-org/platform/data/summary/types/bgm.go:235.4,242.72 7 7286
github.com/tidepool-org/platform/data/summary/types/bgm.go:246.3,246.83 1 9897
github.com/tidepool-org/platform/data/summary/types/bgm.go:246.83,247.49 1 7918
github.com/tidepool-org/platform/data/summary/types/bgm.go:247.49,251.5 3 30
github.com/tidepool-org/platform/data/summary/types/bgm.go:253.4,260.78 7 7918
github.com/tidepool-org/platform/data/summary/types/bgm.go:265.2,265.51 1 16
github.com/tidepool-org/platform/data/summary/types/bgm.go:265.51,267.3 1 27
github.com/tidepool-org/platform/data/summary/types/bgm.go:268.2,268.57 1 16
github.com/tidepool-org/platform/data/summary/types/bgm.go:268.57,271.3 2 34
github.com/tidepool-org/platform/data/summary/types/bgm.go:273.2,275.20 2 16
github.com/tidepool-org/platform/data/summary/types/bgm.go:278.37,283.27 1 18
github.com/tidepool-org/platform/data/summary/types/bgm.go:283.27,284.93 1 72
github.com/tidepool-org/platform/data/summary/types/bgm.go:284.93,289.4 3 36
github.com/tidepool-org/platform/data/summary/types/bgm.go:291.3,291.81 1 72
github.com/tidepool-org/platform/data/summary/types/bgm.go:291.81,296.4 3 68
github.com/tidepool-org/platform/data/summary/types/bgm.go:298.3,298.95 1 72
github.com/tidepool-org/platform/data/summary/types/bgm.go:298.95,303.4 3 68
github.com/tidepool-org/platform/data/summary/types/bgm.go:305.3,305.95 1 72
github.com/tidepool-org/platform/data/summary/types/bgm.go:305.95,310.4 3 36
github.com/tidepool-org/platform/data/summary/types/bgm.go:312.3,312.95 1 72
github.com/tidepool-org/platform/data/summary/types/bgm.go:312.95,317.4 3 68
github.com/tidepool-org/platform/data/summary/types/bgm.go:319.3,319.89 1 72
github.com/tidepool-org/platform/data/summary/types/bgm.go:319.89,324.4 3 36
github.com/tidepool-org/platform/data/summary/types/bgm.go:326.3,326.89 1 72
github.com/tidepool-org/platform/data/summary/types/bgm.go:326.89,331.4 3 68
github.com/tidepool-org/platform/data/summary/types/bgm.go:333.3,333.97 1 72
github.com/tidepool-org/platform/data/summary/types/bgm.go:333.97,338.4 3 36
github.com/tidepool-org/platform/data/summary/types/bgm.go:340.3,340.97 1 72
github.com/tidepool-org/platform/data/summary/types/bgm.go:340.97,345.4 3 68
github.com/tidepool-org/platform/data/summary/types/bgm.go:347.3,347.95 1 72
github.com/tidepool-org/platform/data/summary/types/bgm.go:347.95,352.4 3 32
github.com/tidepool-org/platform/data/summary/types/bgm.go:354.3,354.95 1 72
github.com/tidepool-org/platform/data/summary/types/bgm.go:354.95,359.4 3 64
github.com/tidepool-org/platform/data/summary/types/bgm.go:361.3,361.91 1 72
github.com/tidepool-org/platform/data/summary/types/bgm.go:361.91,366.4 3 36
github.com/tidepool-org/platform/data/summary/types/bgm.go:368.3,368.91 1 72
github.com/tidepool-org/platform/data/summary/types/bgm.go:368.91,373.4 3 68
github.com/tidepool-org/platform/data/summary/types/bgm.go:375.3,375.99 1 72
github.com/tidepool-org/platform/data/summary/types/bgm.go:375.99,380.4 3 36
github.com/tidepool-org/platform/data/summary/types/bgm.go:382.3,382.99 1 72
github.com/tidepool-org/platform/data/summary/types/bgm.go:382.99,387.4 3 68
github.com/tidepool-org/platform/data/summary/types/bgm.go:389.3,389.97 1 72
github.com/tidepool-org/platform/data/summary/types/bgm.go:389.97,394.4 3 32
github.com/tidepool-org/platform/data/summary/types/bgm.go:396.3,396.97 1 72
github.com/tidepool-org/platform/data/summary/types/bgm.go:396.97,401.4 3 64
github.com/tidepool-org/platform/data/summary/types/bgm.go:405.83,435.34 2 128
github.com/tidepool-org/platform/data/summary/types/bgm.go:435.34,459.3 16 96
github.com/tidepool-org/platform/data/summary/types/bgm.go:461.2,461.12 1 128
github.com/tidepool-org/platform/data/summary/types/bgm.go:461.12,463.3 1 64
github.com/tidepool-org/platform/data/summary/types/bgm.go:463.8,465.3 1 64
github.com/tidepool-org/platform/data/summary/types/cgm.go:163.35,165.2 1 22
github.com/tidepool-org/platform/data/summary/types/cgm.go:167.45,169.2 1 0
github.com/tidepool-org/platform/data/summary/types/cgm.go:171.27,176.2 4 22
github.com/tidepool-org/platform/data/summary/types/cgm.go:178.40,180.2 1 0
github.com/tidepool-org/platform/data/summary/types/cgm.go:182.51,184.2 1 0
github.com/tidepool-org/platform/data/summary/types/cgm.go:186.94,187.25 1 2
github.com/tidepool-org/platform/data/summary/types/cgm.go:187.25,189.3 1 0
github.com/tidepool-org/platform/data/summary/types/cgm.go:189.8,189.79 1 2
github.com/tidepool-org/platform/data/summary/types/cgm.go:189.79,191.3 1 0
github.com/tidepool-org/platform/data/summary/types/cgm.go:191.8,191.55 1 2
github.com/tidepool-org/platform/data/summary/types/cgm.go:191.55,195.3 2 1
github.com/tidepool-org/platform/data/summary/types/cgm.go:197.2,199.43 2 1
github.com/tidepool-org/platform/data/summary/types/cgm.go:199.43,201.3 1 1
github.com/tidepool-org/platform/data/summary/types/cgm.go:202.2,204.51 2 1
github.com/tidepool-org/platform/data/summary/types/cgm.go:207.79,211.23 3 9
github.com/tidepool-org/platform/data/summary/types/cgm.go:211.23,212.22 1 35088
github.com/tidepool-org/platform/data/summary/types/cgm.go:212.22,214.4 1 35088
github.com/tidepool-org/platform/data/summary/types/cgm.go:216.3,217.41 2 35088
github.com/tidepool-org/platform/data/summary/types/cgm.go:217.41,219.4 1 0
github.com/tidepool-org/platform/data/summary/types/cgm.go:220.3,223.41 2 35088
github.com/tidepool-org/platform/data/summary/types/cgm.go:223.41,225.18 2 35079
github.com/tidepool-org/platform/data/summary/types/cgm.go:225.18,227.5 1 0
github.com/tidepool-org/platform/data/summary/types/cgm.go:228.4,228.18 1 35079
github.com/tidepool-org/platform/data/summary/types/cgm.go:233.2,233.21 1 9
github.com/tidepool-org/platform/data/summary/types/cgm.go:233.21,235.17 2 9
github.com/tidepool-org/platform/data/summary/types/cgm.go:235.17,237.4 1 0
github.com/tidepool-org/platform/data/summary/types/cgm.go:238.3,238.17 1 9
github.com/tidepool-org/platform/data/summary/types/cgm.go:241.2,243.12 2 9
github.com/tidepool-org/platform/data/summary/types/cgm.go:246.88,248.9 2 49916
github.com/tidepool-org/platform/data/summary/types/cgm.go:248.9,250.3 1 0
github.com/tidepool-org/platform/data/summary/types/cgm.go:253.2,253.31 1 49916
github.com/tidepool-org/platform/data/summary/types/cgm.go:253.31,255.3 1 4139
github.com/tidepool-org/platform/data/summary/types/cgm.go:258.2,261.59 2 49916
github.com/tidepool-org/platform/data/summary/types/cgm.go:261.59,265.44 3 49628
github.com/tidepool-org/platform/data/summary/types/cgm.go:265.44,268.4 2 18948
github.com/tidepool-org/platform/data/summary/types/cgm.go:268.9,268.52 1 30680
github.com/tidepool-org/platform/data/summary/types/cgm.go:268.52,271.4 2 3170
github.com/tidepool-org/platform/data/summary/types/cgm.go:271.9,271.47 1 27510
github.com/tidepool-org/platform/data/summary/types/cgm.go:271.47,274.4 2 2915
github.com/tidepool-org/platform/data/summary/types/cgm.go:274.9,274.48 1 24595
github.com/tidepool-org/platform/data/summary/types/cgm.go:274.48,277.4 2 1767
github.com/tidepool-org/platform/data/summary/types/cgm.go:277.9,280.4 2 22828
github.com/tidepool-org/platform/data/summary/types/cgm.go:282.3,287.20 5 49628
github.com/tidepool-org/platform/data/summary/types/cgm.go:290.2,290.18 1 288
github.com/tidepool-org/platform/data/summary/types/cgm.go:293.39,301.38 5 9
github.com/tidepool-org/platform/data/summary/types/cgm.go:301.38,305.38 2 5085
github.com/tidepool-org/platform/data/summary/types/cgm.go:305.38,306.41 1 4344
github.com/tidepool-org/platform/data/summary/types/cgm.go:306.41,309.5 2 21
github.com/tidepool-org/platform/data/summary/types/cgm.go:311.4,328.72 13 4344
github.com/tidepool-org/platform/data/summary/types/cgm.go:332.3,332.83 1 5085
github.com/tidepool-org/platform/data/summary/types/cgm.go:332.83,333.49 1 3924
github.com/tidepool-org/platform/data/summary/types/cgm.go:333.49,337.5 3 18
github.com/tidepool-org/platform/data/summary/types/cgm.go:338.4,355.78 13 3924
github.com/tidepool-org/platform/data/summary/types/cgm.go:360.2,360.51 1 9
github.com/tidepool-org/platform/data/summary/types/cgm.go:360.51,362.3 1 15
github.com/tidepool-org/platform/data/summary/types/cgm.go:363.2,363.57 1 9
github.com/tidepool-org/platform/data/summary/types/cgm.go:363.57,366.3 2 18
github.com/tidepool-org/platform/data/summary/types/cgm.go:368.2,370.20 2 9
github.com/tidepool-org/platform/data/summary/types/cgm.go:373.37,378.27 1 12
github.com/tidepool-org/platform/data/summary/types/cgm.go:378.27,379.91 1 48
github.com/tidepool-org/platform/data/summary/types/cgm.go:379.91,384.4 3 25
github.com/tidepool-org/platform/data/summary/types/cgm.go:386.3,386.91 1 48
github.com/tidepool-org/platform/data/summary/types/cgm.go:386.91,391.4 3 40
github.com/tidepool-org/platform/data/summary/types/cgm.go:393.3,393.91 1 48
github.com/tidepool-org/platform/data/summary/types/cgm.go:393.91,398.4 3 40
github.com/tidepool-org/platform/data/summary/types/cgm.go:400.3,400.93 1 48
github.com/tidepool-org/platform/data/summary/types/cgm.go:400.93,405.4 3 25
github.com/tidepool-org/platform/data/summary/types/cgm.go:407.3,407.109 1 48
github.com/tidepool-org/platform/data/summary/types/cgm.go:407.109,412.4 3 19
github.com/tidepool-org/platform/data/summary/types/cgm.go:414.3,414.81 1 48
github.com/tidepool-org/platform/data/summary/types/cgm.go:414.81,419.4 3 40
github.com/tidepool-org/platform/data/summary/types/cgm.go:421.3,421.95 1 48
github.com/tidepool-org/platform/data/summary/types/cgm.go:421.95,426.4 3 40
github.com/tidepool-org/platform/data/summary/types/cgm.go:428.3,428.95 1 48
github.com/tidepool-org/platform/data/summary/types/cgm.go:428.95,433.4 3 19
github.com/tidepool-org/platform/data/summary/types/cgm.go:435.3,435.95 1 48
github.com/tidepool-org/platform/data/summary/types/cgm.go:435.95,440.4 3 40
github.com/tidepool-org/platform/data/summary/types/cgm.go:442.3,442.95 1 48
github.com/tidepool-org/platform/data/summary/types/cgm.go:442.95,447.4 3 40
github.com/tidepool-org/platform/data/summary/types/cgm.go:449.3,449.89 1 48
github.com/tidepool-org/platform/data/summary/types/cgm.go:449.89,454.4 3 19
github.com/tidepool-org/platform/data/summary/types/cgm.go:456.3,456.89 1 48
github.com/tidepool-org/platform/data/summary/types/cgm.go:456.89,461.4 3 40
github.com/tidepool-org/platform/data/summary/types/cgm.go:463.3,463.89 1 48
github.com/tidepool-org/platform/data/summary/types/cgm.go:463.89,468.4 3 40
github.com/tidepool-org/platform/data/summary/types/cgm.go:470.3,470.97 1 48
github.com/tidepool-org/platform/data/summary/types/cgm.go:470.97,475.4 3 19
github.com/tidepool-org/platform/data/summary/types/cgm.go:477.3,477.97 1 48
github.com/tidepool-org/platform/data/summary/types/cgm.go:477.97,482.4 3 40
github.com/tidepool-org/platform/data/summary/types/cgm.go:484.3,484.97 1 48
github.com/tidepool-org/platform/data/summary/types/cgm.go:484.97,489.4 3 40
github.com/tidepool-org/platform/data/summary/types/cgm.go:491.3,491.95 1 48
github.com/tidepool-org/platform/data/summary/types/cgm.go:491.95,496.4 3 15
github.com/tidepool-org/platform/data/summary/types/cgm.go:498.3,498.95 1 48
github.com/tidepool-org/platform/data/summary/types/cgm.go:498.95,503.4 3 36
github.com/tidepool-org/platform/data/summary/types/cgm.go:505.3,505.95 1 48
github.com/tidepool-org/platform/data/summary/types/cgm.go:505.95,510.4 3 36
github.com/tidepool-org/platform/data/summary/types/cgm.go:512.3,512.91 1 48
github.com/tidepool-org/platform/data/summary/types/cgm.go:512.91,517.4 3 19
github.com/tidepool-org/platform/data/summary/types/cgm.go:519.3,519.91 1 48
github.com/tidepool-org/platform/data/summary/types/cgm.go:519.91,524.4 3 40
github.com/tidepool-org/platform/data/summary/types/cgm.go:526.3,526.91 1 48
github.com/tidepool-org/platform/data/summary/types/cgm.go:526.91,531.4 3 40
github.com/tidepool-org/platform/data/summary/types/cgm.go:533.3,533.99 1 48
github.com/tidepool-org/platform/data/summary/types/cgm.go:533.99,538.4 3 19
github.com/tidepool-org/platform/data/summary/types/cgm.go:540.3,540.99 1 48
github.com/tidepool-org/platform/data/summary/types/cgm.go:540.99,545.4 3 40
github.com/tidepool-org/platform/data/summary/types/cgm.go:547.3,547.99 1 48
github.com/tidepool-org/platform/data/summary/types/cgm.go:547.99,552.4 3 40
github.com/tidepool-org/platform/data/summary/types/cgm.go:554.3,554.97 1 48
github.com/tidepool-org/platform/data/summary/types/cgm.go:554.97,559.4 3 15
github.com/tidepool-org/platform/data/summary/types/cgm.go:561.3,561.97 1 48
github.com/tidepool-org/platform/data/summary/types/cgm.go:561.97,566.4 3 36
github.com/tidepool-org/platform/data/summary/types/cgm.go:568.3,568.97 1 48
github.com/tidepool-org/platform/data/summary/types/cgm.go:568.97,573.4 3 36
github.com/tidepool-org/platform/data/summary/types/cgm.go:577.83,634.34 2 72
github.com/tidepool-org/platform/data/summary/types/cgm.go:634.34,641.98 4 57
github.com/tidepool-org/platform/data/summary/types/cgm.go:641.98,663.4 14 36
github.com/tidepool-org/platform/data/summary/types/cgm.go:665.3,669.41 3 57
github.com/tidepool-org/platform/data/summary/types/cgm.go:669.41,672.4 2 36
github.com/tidepool-org/platform/data/summary/types/cgm.go:675.2,675.12 1 72
github.com/tidepool-org/platform/data/summary/types/cgm.go:675.12,677.3 1 36
github.com/tidepool-org/platform/data/summary/types/cgm.go:677.8,679.3 1 36
github.com/tidepool-org/platform/data/summary/types/summary.go:111.76,128.2 12 0
github.com/tidepool-org/platform/data/summary/types/summary.go:142.79,147.2 4 13047
github.com/tidepool-org/platform/data/summary/types/summary.go:175.25,183.2 1 39
github.com/tidepool-org/platform/data/summary/types/summary.go:185.52,187.37 2 0
github.com/tidepool-org/platform/data/summary/types/summary.go:187.37,189.3 1 0
github.com/tidepool-org/platform/data/summary/types/summary.go:191.2,191.45 1 0
github.com/tidepool-org/platform/data/summary/types/summary.go:191.45,193.3 1 0
github.com/tidepool-org/platform/data/summary/types/summary.go:195.2,198.39 3 0
github.com/tidepool-org/platform/data/summary/types/summary.go:198.39,201.3 2 0
github.com/tidepool-org/platform/data/summary/types/summary.go:203.2,203.95 1 0
github.com/tidepool-org/platform/data/summary/types/summary.go:203.95,206.3 2 0
github.com/tidepool-org/platform/data/summary/types/summary.go:209.23,228.2 1 39
github.com/tidepool-org/platform/data/summary/types/summary.go:230.66,240.2 8 39
github.com/tidepool-org/platform/data/summary/types/summary.go:242.52,245.2 2 0
github.com/tidepool-org/platform/data/summary/types/summary.go:247.62,250.2 2 0
github.com/tidepool-org/platform/data/summary/types/summary.go:256.103,257.24 1 55742
github.com/tidepool-org/platform/data/summary/types/summary.go:257.24,260.3 2 31
github.com/tidepool-org/platform/data/summary/types/summary.go:262.2,262.86 1 55711
github.com/tidepool-org/platform/data/summary/types/summary.go:262.86,264.3 1 8003
github.com/tidepool-org/platform/data/summary/types/summary.go:264.8,264.82 1 47708
github.com/tidepool-org/platform/data/summary/types/summary.go:264.82,266.3 1 2
github.com/tidepool-org/platform/data/summary/types/summary.go:267.2,267.39 1 47706
github.com/tidepool-org/platform/data/summary/types/summary.go:277.108,281.54 3 8003
github.com/tidepool-org/platform/data/summary/types/summary.go:281.54,284.3 2 1
github.com/tidepool-org/platform/data/summary/types/summary.go:286.2,289.60 4 8002
github.com/tidepool-org/platform/data/summary/types/summary.go:289.60,291.3 1 4965
github.com/tidepool-org/platform/data/summary/types/summary.go:292.2,297.12 4 8002
github.com/tidepool-org/platform/data/summary/types/summary.go:304.109,308.55 3 2
github.com/tidepool-org/platform/data/summary/types/summary.go:308.55,310.3 1 0
github.com/tidepool-org/platform/data/summary/types/summary.go:312.2,316.60 5 2
github.com/tidepool-org/platform/data/summary/types/summary.go:316.60,318.3 1 46
github.com/tidepool-org/platform/data/summary/types/summary.go:320.2,325.12 4 2
github.com/tidepool-org/platform/data/summary/types/summary.go:328.107,332.36 4 47706
github.com/tidepool-org/platform/data/summary/types/summary.go:332.36,335.3 1 0
github.com/tidepool-org/platform/data/summary/types/summary.go:336.2,337.12 2 47706
github.com/tidepool-org/platform/data/summary/types/summary.go:340.85,342.16 2 8004
github.com/tidepool-org/platform/data/summary/types/summary.go:342.16,344.3 1 7955
github.com/tidepool-org/platform/data/summary/types/summary.go:346.2,346.30 1 49
github.com/tidepool-org/platform/data/summary/types/summary.go:346.30,348.3 1 53
github.com/tidepool-org/platform/data/summary/types/summary.go:349.2,349.32 1 49
github.com/tidepool-org/platform/data/summary/types/summary.go:352.128,356.29 3 53836
github.com/tidepool-org/platform/data/summary/types/summary.go:356.29,363.70 3 73052
github.com/tidepool-org/platform/data/summary/types/summary.go:363.70,365.18 2 1906
github.com/tidepool-org/platform/data/summary/types/summary.go:365.18,367.5 1 0
github.com/tidepool-org/platform/data/summary/types/summary.go:368.4,368.19 1 1906
github.com/tidepool-org/platform/data/summary/types/summary.go:371.3,371.23 1 73052
github.com/tidepool-org/platform/data/summary/types/summary.go:371.23,378.25 4 55742
github.com/tidepool-org/platform/data/summary/types/summary.go:378.25,383.87 3 55711
github.com/tidepool-org/platform/data/summary/types/summary.go:383.87,386.32 2 47706
github.com/tidepool-org/platform/data/summary/types/summary.go:386.32,388.47 2 47706
github.com/tidepool-org/platform/data/summary/types/summary.go:388.47,390.8 1 0
github.com/tidepool-org/platform/data/summary/types/summary.go:397.4,397.24 1 55742
github.com/tidepool-org/platform/data/summary/types/summary.go:397.24,399.5 1 8036
github.com/tidepool-org/platform/data/summary/types/summary.go:402.4,402.62 1 55742
github.com/tidepool-org/platform/data/summary/types/summary.go:402.62,403.49 1 8051
github.com/tidepool-org/platform/data/summary/types/summary.go:403.49,405.6 1 46
github.com/tidepool-org/platform/data/summary/types/summary.go:405.11,405.55 1 8005
github.com/tidepool-org/platform/data/summary/types/summary.go:405.55,407.6 1 8003
github.com/tidepool-org/platform/data/summary/types/summary.go:411.3,414.17 3 73052
github.com/tidepool-org/platform/data/summary/types/summary.go:414.17,416.4 1 0
github.com/tidepool-org/platform/data/summary/types/summary.go:417.3,417.15 1 73052
github.com/tidepool-org/platform/data/summary/types/summary.go:417.15,419.4 1 72764
github.com/tidepool-org/platform/data/summary/types/summary.go:423.2,423.22 1 53836
github.com/tidepool-org/platform/data/summary/types/summary.go:423.22,425.17 2 53836
github.com/tidepool-org/platform/data/summary/types/summary.go:425.17,427.4 1 0
github.com/tidepool-org/platform/data/summary/types/summary.go:430.2,430.12 1 53836
github.com/tidepool-org/platform/data/summary/types/summary.go:433.25,437.2 1 0
github.com/tidepool-org/platform/data/summary/types/util.go:13.94,15.37 2 0
github.com/tidepool-org/platform/data/summary/types/util.go:15.37,18.30 2 0
github.com/tidepool-org/platform/data/summary/types/util.go:18.30,20.4 1 0
github.com/tidepool-org/platform/data/summary/types/util.go:20.9,21.9 1 0
github.com/tidepool-org/platform/data/summary/types/util.go:25.2,25.14 1 0
github.com/tidepool-org/platform/data/summary/types/util.go:25.14,27.3 1 0
github.com/tidepool-org/platform/data/summary/types/util.go:29.2,29.22 1 0
github.com/tidepool-org/platform/data/summary/types/util.go:33.53,34.29 1 53769
github.com/tidepool-org/platform/data/summary/types/util.go:34.29,35.67 1 53769
github.com/tidepool-org/platform/data/summary/types/util.go:35.67,37.4 1 0
github.com/tidepool-org/platform/data/summary/types/util.go:38.3,38.66 1 53769
github.com/tidepool-org/platform/data/summary/types/util.go:38.66,40.4 1 1
github.com/tidepool-org/platform/data/summary/types/util.go:42.2,42.10 1 53768
github.com/tidepool-org/platform/data/summary/types/util.go:45.51,50.2 4 50
github.com/tidepool-org/platform/data/summary/types/util.go:53.92,59.40 4 64
github.com/tidepool-org/platform/data/summary/types/util.go:59.40,61.3 1 1
github.com/tidepool-org/platform/data/summary/types/util.go:62.2,62.29 1 63
github.com/tidepool-org/platform/data/summary/types/util.go:69.27,70.11 1 2
github.com/tidepool-org/platform/data/summary/types/util.go:70.11,72.3 1 0
github.com/tidepool-org/platform/data/summary/types/util.go:73.2,73.10 1 2
